<?xml version="1.0" encoding="UTF-8"?>
<coverage generated="1546103817981" clover="3.2.0">
  <project timestamp="1546103817981" name="All files">
    <metrics statements="32" coveredstatements="9" conditionals="6" coveredconditionals="2" methods="13" coveredmethods="5" elements="51" coveredelements="16" complexity="0" loc="32" ncloc="32" packages="3" files="8" classes="8">
      <package name="src">
        <metrics statements="14" coveredstatements="0" conditionals="4" coveredconditionals="0" methods="4" coveredmethods="0"/>
        <file name="App.vue" path="A:\Projects\akliaissat\src\App.vue">
          <metrics statements="11" coveredstatements="0" conditionals="4" coveredconditionals="0" methods="3" coveredmethods="0"/>
          <line num="13" count="0" type="stmt"/>
          <line num="14" count="0" type="stmt"/>
          <line num="15" count="0" type="stmt"/>
          <line num="16" count="0" type="stmt"/>
          <line num="27" count="0" type="stmt"/>
          <line num="35" count="0" type="stmt"/>
          <line num="39" count="0" type="stmt"/>
          <line num="40" count="0" type="stmt"/>
          <line num="42" count="0" type="stmt"/>
          <line num="43" count="0" type="cond" truecount="0" falsecount="2"/>
          <line num="46" count="0" type="cond" truecount="0" falsecount="2"/>
        </file>
        <file name="main.js" path="A:\Projects\akliaissat\src\main.js">
          <metrics statements="3" coveredstatements="0" conditionals="0" coveredconditionals="0" methods="1" coveredmethods="0"/>
          <line num="1" count="0" type="stmt"/>
          <line num="2" count="0" type="stmt"/>
          <line num="4" count="0" type="stmt"/>
        </file>
      </package>
      <package name="src.components">
        <metrics statements="16" coveredstatements="7" conditionals="2" coveredconditionals="2" methods="7" coveredmethods="3"/>
        <file name="Banner.vue" path="A:\Projects\akliaissat\src\components\Banner.vue">
          <metrics statements="1" coveredstatements="1" conditionals="0" coveredconditionals="0" methods="0" coveredmethods="0"/>
          <line num="8" count="1" type="stmt"/>
        </file>
        <file name="CookieConsent.vue" path="A:\Projects\akliaissat\src\components\CookieConsent.vue">
          <metrics statements="9" coveredstatements="4" conditionals="2" coveredconditionals="2" methods="4" coveredmethods="2"/>
          <line num="22" count="1" type="stmt"/>
          <line num="23" count="1" type="stmt"/>
          <line num="38" count="1" type="stmt"/>
          <line num="46" count="1" type="cond" truecount="2" falsecount="0"/>
          <line num="51" count="0" type="stmt"/>
          <line num="53" count="0" type="stmt"/>
          <line num="54" count="0" type="stmt"/>
          <line num="55" count="0" type="stmt"/>
          <line num="58" count="0" type="stmt"/>
        </file>
        <file name="CurriculumVitae.vue" path="A:\Projects\akliaissat\src\components\CurriculumVitae.vue">
          <metrics statements="2" coveredstatements="2" conditionals="0" coveredconditionals="0" methods="1" coveredmethods="1"/>
          <line num="47" count="1" type="stmt"/>
          <line num="55" count="1" type="stmt"/>
        </file>
        <file name="Social.vue" path="A:\Projects\akliaissat\src\components\Social.vue">
          <metrics statements="4" coveredstatements="0" conditionals="0" coveredconditionals="0" methods="2" coveredmethods="0"/>
          <line num="14" count="0" type="stmt"/>
          <line num="15" count="0" type="stmt"/>
          <line num="24" count="0" type="stmt"/>
          <line num="43" count="0" type="stmt"/>
        </file>
      </package>
      <package name="src.components.generic">
        <metrics statements="2" coveredstatements="2" conditionals="0" coveredconditionals="0" methods="2" coveredmethods="2"/>
        <file name="Button.vue" path="A:\Projects\akliaissat\src\components\generic\Button.vue">
          <metrics statements="1" coveredstatements="1" conditionals="0" coveredconditionals="0" methods="1" coveredmethods="1"/>
          <line num="21" count="1" type="stmt"/>
        </file>
        <file name="Heading.vue" path="A:\Projects\akliaissat\src\components\generic\Heading.vue">
          <metrics statements="1" coveredstatements="1" conditionals="0" coveredconditionals="0" methods="1" coveredmethods="1"/>
          <line num="25" count="2" type="stmt"/>
        </file>
      </package>
    </metrics>
  </project>
</coverage>
