{"A:\\Projects\\akliaissat\\src\\App.vue": {"path":"A:\\Projects\\akliaissat\\src\\App.vue","statementMap":{"0":{"start":{"line":13,"column":0},"end":{"line":null,"column":-1}},"1":{"start":{"line":14,"column":0},"end":{"line":null,"column":-1}},"2":{"start":{"line":15,"column":0},"end":{"line":null,"column":-1}},"3":{"start":{"line":16,"column":0},"end":{"line":null,"column":-1}},"4":{"start":{"line":27,"column":0},"end":{"line":null,"column":-1}},"5":{"start":{"line":35,"column":0},"end":{"line":null,"column":-1}},"6":{"start":{"line":39,"column":0},"end":{"line":null,"column":-1}},"7":{"start":{"line":40,"column":0},"end":{"line":null,"column":-1}},"8":{"start":{"line":42,"column":0},"end":{"line":44,"column":0}},"9":{"start":{"line":43,"column":0},"end":{"line":null,"column":-1}},"10":{"start":{"line":46,"column":0},"end":{"line":null,"column":-1}}},"fnMap":{"0":{"name":"data","decl":{"start":{"line":26,"column":0},"end":{"line":null,"column":-1}},"loc":{"start":{"line":26,"column":0},"end":{"line":33,"column":0}}},"1":{"name":"mounted","decl":{"start":{"line":34,"column":0},"end":{"line":null,"column":-1}},"loc":{"start":{"line":34,"column":0},"end":{"line":36,"column":0}}},"2":{"name":"checkCookieConsent","decl":{"start":{"line":38,"column":0},"end":{"line":null,"column":-1}},"loc":{"start":{"line":38,"column":0},"end":{"line":47,"column":0}}}},"branchMap":{"0":{"loc":{"start":{"line":43,"column":0},"end":{"line":null,"column":-1}},"type":"if","locations":[{"start":{"line":43,"column":0},"end":{"line":null,"column":-1}},{"start":{"line":43,"column":0},"end":{"line":null,"column":-1}}]},"1":{"loc":{"start":{"line":46,"column":0},"end":{"line":null,"column":-1}},"type":"if","locations":[{"start":{"line":46,"column":0},"end":{"line":null,"column":-1}},{"start":{"line":46,"column":0},"end":{"line":null,"column":-1}}]}},"s":{"0":0,"1":0,"2":0,"3":0,"4":0,"5":0,"6":0,"7":0,"8":0,"9":0,"10":0},"f":{"0":0,"1":0,"2":0},"b":{"0":[0,0],"1":[0,0]}}
,"A:\\Projects\\akliaissat\\src\\main.js": {"path":"A:\\Projects\\akliaissat\\src\\main.js","statementMap":{"0":{"start":{"line":1,"column":0},"end":{"line":null,"column":-1}},"1":{"start":{"line":2,"column":0},"end":{"line":null,"column":-1}},"2":{"start":{"line":4,"column":0},"end":{"line":null,"column":-1}},"3":{"start":{"line":4,"column":1},"end":{"line":null,"column":-1}}},"fnMap":{"0":{"name":"(anonymous_1)","decl":{"start":{"line":4,"column":1},"end":{"line":null,"column":-1}},"loc":{"start":{"line":4,"column":1},"end":{"line":4,"column":0}}}},"branchMap":{},"s":{"0":0,"1":0,"2":0,"3":0},"f":{"0":0},"b":{}}
,"A:\\Projects\\akliaissat\\src\\components\\Banner.vue": {"path":"A:\\Projects\\akliaissat\\src\\components\\Banner.vue","statementMap":{"0":{"start":{"line":8,"column":0},"end":{"line":null,"column":-1}}},"fnMap":{},"branchMap":{},"s":{"0":1},"f":{},"b":{}}
,"A:\\Projects\\akliaissat\\src\\components\\CookieConsent.vue": {"path":"A:\\Projects\\akliaissat\\src\\components\\CookieConsent.vue","statementMap":{"0":{"start":{"line":22,"column":0},"end":{"line":null,"column":-1}},"1":{"start":{"line":23,"column":0},"end":{"line":null,"column":-1}},"2":{"start":{"line":38,"column":0},"end":{"line":null,"column":-1}},"3":{"start":{"line":46,"column":0},"end":{"line":null,"column":-1}},"4":{"start":{"line":51,"column":0},"end":{"line":null,"column":-1}},"5":{"start":{"line":53,"column":0},"end":{"line":null,"column":-1}},"6":{"start":{"line":54,"column":0},"end":{"line":null,"column":-1}},"7":{"start":{"line":55,"column":0},"end":{"line":null,"column":-1}},"8":{"start":{"line":58,"column":0},"end":{"line":null,"column":-1}}},"fnMap":{"0":{"name":"data","decl":{"start":{"line":37,"column":0},"end":{"line":null,"column":-1}},"loc":{"start":{"line":37,"column":0},"end":{"line":43,"column":0}}},"1":{"name":"isVisible","decl":{"start":{"line":45,"column":0},"end":{"line":null,"column":-1}},"loc":{"start":{"line":45,"column":0},"end":{"line":47,"column":0}}},"2":{"name":"createCookie","decl":{"start":{"line":50,"column":0},"end":{"line":null,"column":-1}},"loc":{"start":{"line":50,"column":0},"end":{"line":56,"column":0}}},"3":{"name":"hideBanner","decl":{"start":{"line":57,"column":0},"end":{"line":null,"column":-1}},"loc":{"start":{"line":57,"column":0},"end":{"line":59,"column":0}}}},"branchMap":{"0":{"loc":{"start":{"line":46,"column":0},"end":{"line":null,"column":-1}},"type":"cond-expr","locations":[{"start":{"line":46,"column":0},"end":{"line":null,"column":-1}},{"start":{"line":46,"column":0},"end":{"line":null,"column":-1}}]}},"s":{"0":1,"1":1,"2":1,"3":1,"4":0,"5":0,"6":0,"7":0,"8":0},"f":{"0":1,"1":1,"2":0,"3":0},"b":{"0":[1,2]}}
,"A:\\Projects\\akliaissat\\src\\components\\CurriculumVitae.vue": {"path":"A:\\Projects\\akliaissat\\src\\components\\CurriculumVitae.vue","statementMap":{"0":{"start":{"line":47,"column":0},"end":{"line":null,"column":-1}},"1":{"start":{"line":55,"column":0},"end":{"line":null,"column":-1}}},"fnMap":{"0":{"name":"data","decl":{"start":{"line":54,"column":0},"end":{"line":null,"column":-1}},"loc":{"start":{"line":54,"column":0},"end":{"line":130,"column":0}}}},"branchMap":{},"s":{"0":1,"1":1},"f":{"0":1},"b":{}}
,"A:\\Projects\\akliaissat\\src\\components\\Social.vue": {"path":"A:\\Projects\\akliaissat\\src\\components\\Social.vue","statementMap":{"0":{"start":{"line":14,"column":0},"end":{"line":null,"column":-1}},"1":{"start":{"line":15,"column":0},"end":{"line":null,"column":-1}},"2":{"start":{"line":24,"column":0},"end":{"line":null,"column":-1}},"3":{"start":{"line":43,"column":0},"end":{"line":null,"column":-1}}},"fnMap":{"0":{"name":"data","decl":{"start":{"line":23,"column":0},"end":{"line":null,"column":-1}},"loc":{"start":{"line":23,"column":0},"end":{"line":40,"column":0}}},"1":{"name":"link","decl":{"start":{"line":42,"column":0},"end":{"line":null,"column":-1}},"loc":{"start":{"line":42,"column":0},"end":{"line":44,"column":0}}}},"branchMap":{},"s":{"0":0,"1":0,"2":0,"3":0},"f":{"0":0,"1":0},"b":{}}
,"A:\\Projects\\akliaissat\\src\\components\\generic\\Button.vue": {"path":"A:\\Projects\\akliaissat\\src\\components\\generic\\Button.vue","statementMap":{"0":{"start":{"line":21,"column":0},"end":{"line":null,"column":-1}}},"fnMap":{"0":{"name":"validator","decl":{"start":{"line":20,"column":0},"end":{"line":null,"column":-1}},"loc":{"start":{"line":20,"column":0},"end":{"line":22,"column":0}}}},"branchMap":{},"s":{"0":1},"f":{"0":1},"b":{}}
,"A:\\Projects\\akliaissat\\src\\components\\generic\\Heading.vue": {"path":"A:\\Projects\\akliaissat\\src\\components\\generic\\Heading.vue","statementMap":{"0":{"start":{"line":25,"column":0},"end":{"line":null,"column":-1}}},"fnMap":{"0":{"name":"validator","decl":{"start":{"line":24,"column":0},"end":{"line":null,"column":-1}},"loc":{"start":{"line":24,"column":0},"end":{"line":26,"column":0}}}},"branchMap":{},"s":{"0":2},"f":{"0":2},"b":{}}
}
