TN:
SF:A:\Projects\akliaissat\src\App.vue
FN:26,data
FN:34,mounted
FN:38,checkCookieConsent
FNF:3
FNH:0
FNDA:0,data
FNDA:0,mounted
FNDA:0,checkCookieConsent
DA:13,0
DA:14,0
DA:15,0
DA:16,0
DA:27,0
DA:35,0
DA:39,0
DA:40,0
DA:42,0
DA:43,0
DA:46,0
LF:11
LH:0
BRDA:43,0,0,0
BRDA:43,0,1,0
BRDA:46,1,0,0
BRDA:46,1,1,0
BRF:4
BRH:0
end_of_record
TN:
SF:A:\Projects\akliaissat\src\main.js
FN:4,(anonymous_1)
FNF:1
FNH:0
FNDA:0,(anonymous_1)
DA:1,0
DA:2,0
DA:4,0
LF:3
LH:0
BRF:0
BRH:0
end_of_record
TN:
SF:A:\Projects\akliaissat\src\components\Banner.vue
FNF:0
FNH:0
DA:8,1
LF:1
LH:1
BRF:0
BRH:0
end_of_record
TN:
SF:A:\Projects\akliaissat\src\components\CookieConsent.vue
FN:37,data
FN:45,isVisible
FN:50,createCookie
FN:57,hideBanner
FNF:4
FNH:2
FNDA:1,data
FNDA:1,isVisible
FNDA:0,createCookie
FNDA:0,hideBanner
DA:22,1
DA:23,1
DA:38,1
DA:46,1
DA:51,0
DA:53,0
DA:54,0
DA:55,0
DA:58,0
LF:9
LH:4
BRDA:46,0,0,1
BRDA:46,0,1,2
BRF:2
BRH:2
end_of_record
TN:
SF:A:\Projects\akliaissat\src\components\CurriculumVitae.vue
FN:54,data
FNF:1
FNH:1
FNDA:1,data
DA:47,1
DA:55,1
LF:2
LH:2
BRF:0
BRH:0
end_of_record
TN:
SF:A:\Projects\akliaissat\src\components\Social.vue
FN:23,data
FN:42,link
FNF:2
FNH:0
FNDA:0,data
FNDA:0,link
DA:14,0
DA:15,0
DA:24,0
DA:43,0
LF:4
LH:0
BRF:0
BRH:0
end_of_record
TN:
SF:A:\Projects\akliaissat\src\components\generic\Button.vue
FN:20,validator
FNF:1
FNH:1
FNDA:1,validator
DA:21,1
LF:1
LH:1
BRF:0
BRH:0
end_of_record
TN:
SF:A:\Projects\akliaissat\src\components\generic\Heading.vue
FN:24,validator
FNF:1
FNH:1
FNDA:2,validator
DA:25,2
LF:1
LH:1
BRF:0
BRH:0
end_of_record
